Command line invocation:
    /Applications/Xcode.app/Contents/Developer/usr/bin/xcodebuild -scheme iOSFrameworkExample -project iOSFrameworkExample.xcodeproj -destination "platform=iOS Simulator,name=iPhone 17 Pro,OS=26.1" build

2025-12-25 00:54:50.718 xcodebuild[43006:1757718] [MT] IDERunDestination: Supported platforms for the buildables in the current scheme is empty.
ComputePackagePrebuildTargetDependencyGraph

Prepare packages

CreateBuildRequest

SendProjectDescription

CreateBuildOperation

ComputeTargetDependencyGraph
note: Building targets in dependency order
note: Target dependency graph (1 target)
    Target 'iOSFrameworkExample' in project 'iOSFrameworkExample' (no dependencies)

GatherProvisioningInputs

CreateBuildDescription

ClangStatCache /Applications/Xcode.app/Contents/Developer/Toolchains/XcodeDefault.xctoolchain/usr/bin/clang-stat-cache /Applications/Xcode.app/Contents/Developer/Platforms/iPhoneSimulator.platform/Developer/SDKs/iPhoneSimulator26.1.sdk /Users/shileipeng/Library/Developer/Xcode/DerivedData/SDKStatCaches.noindex/iphonesimulator26.1-23B77-3885c01c3e6b6a337905948deab2002e90cf18a4295e390e64c810bc6bd7acbc.sdkstatcache
    cd /Users/shileipeng/Documents/mygithub/llama_mobile/examples/iOSFrameworkExample/iOSFrameworkExample.xcodeproj
    /Applications/Xcode.app/Contents/Developer/Toolchains/XcodeDefault.xctoolchain/usr/bin/clang-stat-cache /Applications/Xcode.app/Contents/Developer/Platforms/iPhoneSimulator.platform/Developer/SDKs/iPhoneSimulator26.1.sdk -o /Users/shileipeng/Library/Developer/Xcode/DerivedData/SDKStatCaches.noindex/iphonesimulator26.1-23B77-3885c01c3e6b6a337905948deab2002e90cf18a4295e390e64c810bc6bd7acbc.sdkstatcache

CompileStoryboard /Users/shileipeng/Documents/mygithub/llama_mobile/examples/iOSFrameworkExample/iOSFrameworkExample/Base.lproj/Main.storyboard (in target 'iOSFrameworkExample' from project 'iOSFrameworkExample')
    cd /Users/shileipeng/Documents/mygithub/llama_mobile/examples/iOSFrameworkExample
    /Applications/Xcode.app/Contents/Developer/usr/bin/ibtool --errors --warnings --notices --module iOSFrameworkExample --output-partial-info-plist /Users/shileipeng/Library/Developer/Xcode/DerivedData/iOSFrameworkExample-bbpipjwfivjrnphafetrjrzfzwrh/Build/Intermediates.noindex/iOSFrameworkExample.build/Debug-iphonesimulator/iOSFrameworkExample.build/Base.lproj/Main-SBPartialInfo.plist --auto-activate-custom-fonts --target-device iphone --target-device ipad --minimum-deployment-target 18.6 --output-format human-readable-text /Users/shileipeng/Documents/mygithub/llama_mobile/examples/iOSFrameworkExample/iOSFrameworkExample/Base.lproj/Main.storyboard --compilation-directory /Users/shileipeng/Library/Developer/Xcode/DerivedData/iOSFrameworkExample-bbpipjwfivjrnphafetrjrzfzwrh/Build/Intermediates.noindex/iOSFrameworkExample.build/Debug-iphonesimulator/iOSFrameworkExample.build/Base.lproj

CompileC /Users/shileipeng/Library/Developer/Xcode/DerivedData/iOSFrameworkExample-bbpipjwfivjrnphafetrjrzfzwrh/Build/Intermediates.noindex/iOSFrameworkExample.build/Debug-iphonesimulator/iOSFrameworkExample.build/Objects-normal/arm64/ViewController.o /Users/shileipeng/Documents/mygithub/llama_mobile/examples/iOSFrameworkExample/iOSFrameworkExample/ViewController.m normal arm64 objective-c com.apple.compilers.llvm.clang.1_0.compiler (in target 'iOSFrameworkExample' from project 'iOSFrameworkExample')
    cd /Users/shileipeng/Documents/mygithub/llama_mobile/examples/iOSFrameworkExample
    
    Using response file: /Users/shileipeng/Library/Developer/Xcode/DerivedData/iOSFrameworkExample-bbpipjwfivjrnphafetrjrzfzwrh/Build/Intermediates.noindex/iOSFrameworkExample.build/Debug-iphonesimulator/iOSFrameworkExample.build/Objects-normal/arm64/e6072d4f65d7061329687fe24e3d63a7-common-args.resp
    
    /Applications/Xcode.app/Contents/Developer/Toolchains/XcodeDefault.xctoolchain/usr/bin/clang -x objective-c -ivfsstatcache /Users/shileipeng/Library/Developer/Xcode/DerivedData/SDKStatCaches.noindex/iphonesimulator26.1-23B77-3885c01c3e6b6a337905948deab2002e90cf18a4295e390e64c810bc6bd7acbc.sdkstatcache -fmessage-length\=0 -fdiagnostics-show-note-include-stack -fmacro-backtrace-limit\=0 -fno-color-diagnostics -fmodules-prune-interval\=86400 -fmodules-prune-after\=345600 -fbuild-session-file\=/Users/shileipeng/Library/Developer/Xcode/DerivedData/ModuleCache.noindex/Session.modulevalidation -fmodules-validate-once-per-build-session -Wnon-modular-include-in-framework-module -Werror\=non-modular-include-in-framework-module -Wno-trigraphs -Wno-missing-field-initializers -Wno-missing-prototypes -Werror\=return-type -Wdocumentation -Wunreachable-code -Wquoted-include-in-framework-header -Wno-implicit-atomic-properties -Werror\=deprecated-objc-isa-usage -Wno-objc-interface-ivars -Werror\=objc-root-class -Wno-arc-repeated-use-of-weak -Wimplicit-retain-self -Wduplicate-method-match -Wno-missing-braces -Wparentheses -Wswitch -Wunused-function -Wno-unused-label -Wno-unused-parameter -Wunused-variable -Wunused-value -Wempty-body -Wuninitialized -Wconditional-uninitialized -Wno-unknown-pragmas -Wno-shadow -Wno-four-char-constants -Wno-conversion -Wconstant-conversion -Wint-conversion -Wbool-conversion -Wenum-conversion -Wno-float-conversion -Wnon-literal-null-conversion -Wobjc-literal-conversion -Wshorten-64-to-32 -Wpointer-sign -Wno-newline-eof -Wno-selector -Wno-strict-selector-match -Wundeclared-selector -Wdeprecated-implementations -Wno-implicit-fallthrough -fstrict-aliasing -Wprotocol -Wdeprecated-declarations -Wno-sign-conversion -Winfinite-recursion -Wcomma -Wblock-capture-autoreleasing -Wstrict-prototypes -Wno-semicolon-before-method-body -Wunguarded-availability -index-store-path /Users/shileipeng/Library/Developer/Xcode/DerivedData/iOSFrameworkExample-bbpipjwfivjrnphafetrjrzfzwrh/Index.noindex/DataStore @/Users/shileipeng/Library/Developer/Xcode/DerivedData/iOSFrameworkExample-bbpipjwfivjrnphafetrjrzfzwrh/Build/Intermediates.noindex/iOSFrameworkExample.build/Debug-iphonesimulator/iOSFrameworkExample.build/Objects-normal/arm64/e6072d4f65d7061329687fe24e3d63a7-common-args.resp -MMD -MT dependencies -MF /Users/shileipeng/Library/Developer/Xcode/DerivedData/iOSFrameworkExample-bbpipjwfivjrnphafetrjrzfzwrh/Build/Intermediates.noindex/iOSFrameworkExample.build/Debug-iphonesimulator/iOSFrameworkExample.build/Objects-normal/arm64/ViewController.d --serialize-diagnostics /Users/shileipeng/Library/Developer/Xcode/DerivedData/iOSFrameworkExample-bbpipjwfivjrnphafetrjrzfzwrh/Build/Intermediates.noindex/iOSFrameworkExample.build/Debug-iphonesimulator/iOSFrameworkExample.build/Objects-normal/arm64/ViewController.dia -c /Users/shileipeng/Documents/mygithub/llama_mobile/examples/iOSFrameworkExample/iOSFrameworkExample/ViewController.m -o /Users/shileipeng/Library/Developer/Xcode/DerivedData/iOSFrameworkExample-bbpipjwfivjrnphafetrjrzfzwrh/Build/Intermediates.noindex/iOSFrameworkExample.build/Debug-iphonesimulator/iOSFrameworkExample.build/Objects-normal/arm64/ViewController.o -index-unit-output-path /iOSFrameworkExample.build/Debug-iphonesimulator/iOSFrameworkExample.build/Objects-normal/arm64/ViewController.o
In file included from /Users/shileipeng/Documents/mygithub/llama_mobile/examples/iOSFrameworkExample/iOSFrameworkExample/ViewController.m:8:
In file included from /Users/shileipeng/Documents/mygithub/llama_mobile/examples/iOSFrameworkExample/iOSFrameworkExample/ViewController.h:9:
[1m/Users/shileipeng/Library/Developer/Xcode/DerivedData/iOSFrameworkExample-bbpipjwfivjrnphafetrjrzfzwrh/Build/Products/Debug-iphonesimulator/llama_mobile.framework/Headers/llama_mobile_unified.h:1591:5: [0m[0;1;35mwarning: [0m[1m
      duplicated command '@brief' [-Wdocumentation][0m
 1591 |  * @brief Load the current prompt into the model for generation through the FFI interface.[0m
      | [0;1;32m   ~^~~~~~~~~~~~~~~~~~~~~~~~~~~~~~~~~~~~~~~~~~~~~~~~~~~~~~~~~~~~~~~~~~~~~~~~~~~~~~~~~~~~~~
[0m[1m/Users/shileipeng/Library/Developer/Xcode/DerivedData/iOSFrameworkExample-bbpipjwfivjrnphafetrjrzfzwrh/Build/Products/Debug-iphonesimulator/llama_mobile.framework/Headers/llama_mobile_unified.h:1586:5: [0m[0;1;36mnote: [0m
      previous command '@brief' here[0m
 1586 |  * @brief Load the current prompt into the model for generation through the FFI interface.[0m
      | [0;1;32m   ~^~~~~~~~~~~~~~~~~~~~~~~~~~~~~~~~~~~~~~~~~~~~~~~~~~~~~~~~~~~~~~~~~~~~~~~~~~~~~~~~~~~~~~
[0m[1m/Users/shileipeng/Library/Developer/Xcode/DerivedData/iOSFrameworkExample-bbpipjwfivjrnphafetrjrzfzwrh/Build/Products/Debug-iphonesimulator/llama_mobile.framework/Headers/llama_mobile_unified.h:1593:11: [0m[0;1;35mwarning: [0m[1m
      parameter 'handle' is already documented [-Wdocumentation][0m
 1593 |  * @param handle Handle to the initialized context.[0m
      | [0;1;32m          ^~~~~~
[0m[1m/Users/shileipeng/Library/Developer/Xcode/DerivedData/iOSFrameworkExample-bbpipjwfivjrnphafetrjrzfzwrh/Build/Products/Debug-iphonesimulator/llama_mobile.framework/Headers/llama_mobile_unified.h:1588:5: [0m[0;1;36mnote: [0m
      previous documentation[0m
 1588 |  * @param handle Handle to the initialized context.[0m
      | [0;1;32m    ^     ~~~~~~
[0m[1m/Users/shileipeng/Documents/mygithub/llama_mobile/examples/iOSFrameworkExample/iOSFrameworkExample/ViewController.m:117:13: [0m[0;1;31merror: [0m[1m
      incompatible function pointer types passing 'void (void *, float)' to parameter of type
      'void (*)(float)' [-Wincompatible-function-pointer-types][0m
  117 |             progress_callback        // Progress callback[0m
      | [0;1;32m            ^~~~~~~~~~~~~~~~~
[0mIn file included from /Users/shileipeng/Documents/mygithub/llama_mobile/examples/iOSFrameworkExample/iOSFrameworkExample/ViewController.m:8:
In file included from /Users/shileipeng/Documents/mygithub/llama_mobile/examples/iOSFrameworkExample/iOSFrameworkExample/ViewController.h:9:
[1m/Users/shileipeng/Library/Developer/Xcode/DerivedData/iOSFrameworkExample-bbpipjwfivjrnphafetrjrzfzwrh/Build/Products/Debug-iphonesimulator/llama_mobile.framework/Headers/llama_mobile_unified.h:735:12: [0m[0;1;36mnote: [0m
      passing argument to parameter 'progress_callback' here[0m
  735 |     void (*progress_callback)(float progress));[0m
      | [0;1;32m           ^
[0m[1m/Users/shileipeng/Documents/mygithub/llama_mobile/examples/iOSFrameworkExample/iOSFrameworkExample/ViewController.m:180:18: [0m[0;1;31merror: [0m[1m
      field designator 'context' does not refer to any field in type
      'llama_mobile_completion_params_t'[0m
  180 |                 .context = (__bridge void *)self,[0m
      | [0;1;32m                ~^~~~~~~~~~~~~~~~~~~~~~~~~~~~~~~
[0m[1m/Users/shileipeng/Documents/mygithub/llama_mobile/examples/iOSFrameworkExample/iOSFrameworkExample/ViewController.m:181:35: [0m[0;1;31merror: [0m[1m
      incompatible function pointer types initializing 'bool (*)(const char *)' with an expression
      of type 'bool (void *, const char *)' [-Wincompatible-function-pointer-types][0m
  181 |                 .token_callback = token_callback[0m
      | [0;1;32m                                  ^~~~~~~~~~~~~~
[0m[1m/Users/shileipeng/Documents/mygithub/llama_mobile/examples/iOSFrameworkExample/iOSFrameworkExample/ViewController.m:412:14: [0m[0;1;31merror: [0m[1m
      field designator 'context' does not refer to any field in type
      'llama_mobile_completion_params_t'[0m
  412 |             .context = (__bridge void *)self,[0m
      | [0;1;32m            ~^~~~~~~~~~~~~~~~~~~~~~~~~~~~~~~
[0m[1m/Users/shileipeng/Documents/mygithub/llama_mobile/examples/iOSFrameworkExample/iOSFrameworkExample/ViewController.m:413:31: [0m[0;1;31merror: [0m[1m
      incompatible function pointer types initializing 'bool (*)(const char *)' with an expression
      of type 'bool (void *, const char *)' [-Wincompatible-function-pointer-types][0m
  413 |             .token_callback = token_callback[0m
      | [0;1;32m                              ^~~~~~~~~~~~~~
[0m[1m/Users/shileipeng/Documents/mygithub/llama_mobile/examples/iOSFrameworkExample/iOSFrameworkExample/ViewController.m:417:96: [0m[0;1;31merror: [0m[1m
      cannot refer to declaration with an array type inside block[0m
  417 |   ...status = llama_mobile_multimodal_completion(self.modelContext, &completion_params, mediaPat...[0m
      | [0;1;32m                                                                                        ^
[0m[1m/Users/shileipeng/Documents/mygithub/llama_mobile/examples/iOSFrameworkExample/iOSFrameworkExample/ViewController.m:400:17: [0m[0;1;36mnote: [0m
      'mediaPaths' declared here[0m
  400 |     const char *mediaPaths[] = { imagePathC };[0m
      | [0;1;32m                ^
[0m2 warnings and 6 errors generated.
Failed frontend command:
/Applications/Xcode.app/Contents/Developer/Toolchains/XcodeDefault.xctoolchain/usr/bin/clang -cc1 -Wundef-prefix\=TARGET_OS_ -fdiagnostics-show-note-include-stack -fmacro-backtrace-limit\=0 -fmessage-length\=99 -ferror-limit 19 -serialize-diagnostic-file /Users/shileipeng/Library/Developer/Xcode/DerivedData/iOSFrameworkExample-bbpipjwfivjrnphafetrjrzfzwrh/Build/Intermediates.noindex/iOSFrameworkExample.build/Debug-iphonesimulator/iOSFrameworkExample.build/Objects-normal/arm64/ViewController.dia -fcolor-diagnostics -Wdeprecated-objc-isa-usage -Werror\=deprecated-objc-isa-usage -Werror\=implicit-function-declaration -Wnon-modular-include-in-framework-module -Werror\=non-modular-include-in-framework-module -Wno-trigraphs -Wno-missing-field-initializers -Wno-missing-prototypes -Werror\=return-type -Wdocumentation -Wunreachable-code -Wquoted-include-in-framework-header -Wno-implicit-atomic-properties -Werror\=deprecated-objc-isa-usage -Wno-objc-interface-ivars -Werror\=objc-root-class -Wno-arc-repeated-use-of-weak -Wimplicit-retain-self -Wduplicate-method-match -Wno-missing-braces -Wparentheses -Wswitch -Wunused-function -Wno-unused-label -Wno-unused-parameter -Wunused-variable -Wunused-value -Wempty-body -Wuninitialized -Wconditional-uninitialized -Wno-unknown-pragmas -Wno-shadow -Wno-four-char-constants -Wno-conversion -Wconstant-conversion -Wint-conversion -Wbool-conversion -Wenum-conversion -Wno-float-conversion -Wnon-literal-null-conversion -Wobjc-literal-conversion -Wshorten-64-to-32 -Wpointer-sign -Wno-newline-eof -Wno-selector -Wno-strict-selector-match -Wundeclared-selector -Wdeprecated-implementations -Wno-implicit-fallthrough -Wprotocol -Wdeprecated-declarations -Wno-sign-conversion -Winfinite-recursion -Wcomma -Wblock-capture-autoreleasing -Wstrict-prototypes -Wno-semicolon-before-method-body -Wunguarded-availability -Wno-reorder-init-list -Wno-implicit-int-float-conversion -Wno-c99-designator -Wno-final-dtor-non-final-class -Wno-extra-semi-stmt -Wno-misleading-indentation -Wno-implicit-fallthrough -Wno-enum-enum-conversion -Wno-enum-float-conversion -Wno-elaborated-enum-base -index-store-path /Users/shileipeng/Library/Developer/Xcode/DerivedData/iOSFrameworkExample-bbpipjwfivjrnphafetrjrzfzwrh/Index.noindex/DataStore -index-unit-output-path /iOSFrameworkExample.build/Debug-iphonesimulator/iOSFrameworkExample.build/Objects-normal/arm64/ViewController.o -fmodule-map-file\=/Applications/Xcode.app/Contents/Developer/Toolchains/XcodeDefault.xctoolchain/usr/lib/clang/17/include/module.modulemap -fmodule-map-file\=/Applications/Xcode.app/Contents/Developer/Platforms/iPhoneSimulator.platform/Developer/SDKs/iPhoneSimulator.sdk/usr/include/DarwinFoundation2.modulemap -fmodule-map-file\=/Applications/Xcode.app/Contents/Developer/Toolchains/XcodeDefault.xctoolchain/usr/lib/clang/17/include/module.modulemap -fmodule-map-file\=/Applications/Xcode.app/Contents/Developer/Toolchains/XcodeDefault.xctoolchain/usr/lib/clang/17/include/module.modulemap -fmodule-map-file\=/Applications/Xcode.app/Contents/Developer/Platforms/iPhoneSimulator.platform/Developer/SDKs/iPhoneSimulator.sdk/System/Library/Frameworks/UIKit.framework/Modules/module.modulemap -o /Users/shileipeng/Library/Developer/Xcode/DerivedData/iOSFrameworkExample-bbpipjwfivjrnphafetrjrzfzwrh/Build/Intermediates.noindex/iOSFrameworkExample.build/Debug-iphonesimulator/iOSFrameworkExample.build/Objects-normal/arm64/ViewController.o -disable-free -emit-obj -x objective-c /Users/shileipeng/Documents/mygithub/llama_mobile/examples/iOSFrameworkExample/iOSFrameworkExample/ViewController.m -target-abi darwinpcs -target-cpu apple-m1 -target-feature +zcm -target-feature +zcz -target-feature +v8.5a -target-feature +aes -target-feature +altnzcv -target-feature +ccdp -target-feature +complxnum -target-feature +crc -target-feature +dotprod -target-feature +fp-armv8 -target-feature +fp16fml -target-feature +fptoint -target-feature +fullfp16 -target-feature +jsconv -target-feature +lse -target-feature +neon -target-feature +pauth -target-feature +perfmon -target-feature +predres -target-feature +ras -target-feature +rcpc -target-feature +rdm -target-feature +sb -target-feature +sha2 -target-feature +sha3 -target-feature +specrestrict -target-feature +ssbs -triple arm64-apple-ios18.6.0-simulator -target-linker-version 1230.1 -target-sdk-version\=26.1 -fmodules-validate-system-headers -fno-modulemap-allow-subdirectory-search -isysroot /Applications/Xcode.app/Contents/Developer/Platforms/iPhoneSimulator.platform/Developer/SDKs/iPhoneSimulator26.1.sdk -resource-dir /Applications/Xcode.app/Contents/Developer/Toolchains/XcodeDefault.xctoolchain/usr/lib/clang/17 -fmodule-format\=obj -fmodule-file\=UIKit\=/Users/shileipeng/Library/Developer/Xcode/DerivedData/iOSFrameworkExample-bbpipjwfivjrnphafetrjrzfzwrh/Build/Intermediates.noindex/ExplicitPrecompiledModules/UIKit-DJFBR8FW2TEC96RERRTDVM79T.pcm -fmodule-file\=_Builtin_stdbool\=/Users/shileipeng/Library/Developer/Xcode/DerivedData/iOSFrameworkExample-bbpipjwfivjrnphafetrjrzfzwrh/Build/Intermediates.noindex/ExplicitPrecompiledModules/_Builtin_stdbool-68R05BYF9DN2AJ62XUYDJ5VE6.pcm -fmodule-file\=_Builtin_stddef\=/Users/shileipeng/Library/Developer/Xcode/DerivedData/iOSFrameworkExample-bbpipjwfivjrnphafetrjrzfzwrh/Build/Intermediates.noindex/ExplicitPrecompiledModules/_Builtin_stddef-8ZDBOJVJUNLY7CKTT8CL3H5D.pcm -fmodule-file\=_Builtin_stdint\=/Users/shileipeng/Library/Developer/Xcode/DerivedData/iOSFrameworkExample-bbpipjwfivjrnphafetrjrzfzwrh/Build/Intermediates.noindex/ExplicitPrecompiledModules/_Builtin_stdint-5JFKYX4R8VBKOTGJOI0DMOB34.pcm -fmodule-file\=_DarwinFoundation2\=/Users/shileipeng/Library/Developer/Xcode/DerivedData/iOSFrameworkExample-bbpipjwfivjrnphafetrjrzfzwrh/Build/Intermediates.noindex/ExplicitPrecompiledModules/_DarwinFoundation2-9EUN2FTBVGVFJSO2EYP2JWGIQ.pcm -I /Users/shileipeng/Library/Developer/Xcode/DerivedData/iOSFrameworkExample-bbpipjwfivjrnphafetrjrzfzwrh/Build/Intermediates.noindex/iOSFrameworkExample.build/Debug-iphonesimulator/iOSFrameworkExample.build/iOSFrameworkExample-own-target-headers.hmap -I /Users/shileipeng/Library/Developer/Xcode/DerivedData/iOSFrameworkExample-bbpipjwfivjrnphafetrjrzfzwrh/Build/Intermediates.noindex/iOSFrameworkExample.build/Debug-iphonesimulator/iOSFrameworkExample.build/iOSFrameworkExample-all-target-headers.hmap -I /Users/shileipeng/Library/Developer/Xcode/DerivedData/iOSFrameworkExample-bbpipjwfivjrnphafetrjrzfzwrh/Build/Products/Debug-iphonesimulator/include -I /Users/shileipeng/Library/Developer/Xcode/DerivedData/iOSFrameworkExample-bbpipjwfivjrnphafetrjrzfzwrh/Build/Intermediates.noindex/iOSFrameworkExample.build/Debug-iphonesimulator/iOSFrameworkExample.build/DerivedSources-normal/arm64 -I /Users/shileipeng/Library/Developer/Xcode/DerivedData/iOSFrameworkExample-bbpipjwfivjrnphafetrjrzfzwrh/Build/Intermediates.noindex/iOSFrameworkExample.build/Debug-iphonesimulator/iOSFrameworkExample.build/DerivedSources/arm64 -I /Users/shileipeng/Library/Developer/Xcode/DerivedData/iOSFrameworkExample-bbpipjwfivjrnphafetrjrzfzwrh/Build/Intermediates.noindex/iOSFrameworkExample.build/Debug-iphonesimulator/iOSFrameworkExample.build/DerivedSources -F /Users/shileipeng/Library/Developer/Xcode/DerivedData/iOSFrameworkExample-bbpipjwfivjrnphafetrjrzfzwrh/Build/Products/Debug-iphonesimulator -F /Users/shileipeng/Documents/mygithub/llama_mobile/llama_mobile-ios -iquote /Users/shileipeng/Library/Developer/Xcode/DerivedData/iOSFrameworkExample-bbpipjwfivjrnphafetrjrzfzwrh/Build/Intermediates.noindex/iOSFrameworkExample.build/Debug-iphonesimulator/iOSFrameworkExample.build/iOSFrameworkExample-generated-files.hmap -iquote /Users/shileipeng/Library/Developer/Xcode/DerivedData/iOSFrameworkExample-bbpipjwfivjrnphafetrjrzfzwrh/Build/Intermediates.noindex/iOSFrameworkExample.build/Debug-iphonesimulator/iOSFrameworkExample.build/iOSFrameworkExample-project-headers.hmap -isystem /Applications/Xcode.app/Contents/Developer/Platforms/iPhoneSimulator.platform/Developer/SDKs/iPhoneSimulator26.1.sdk/usr/local/include -isystem /Applications/Xcode.app/Contents/Developer/Toolchains/XcodeDefault.xctoolchain/usr/lib/clang/17/include -internal-externc-isystem /Applications/Xcode.app/Contents/Developer/Platforms/iPhoneSimulator.platform/Developer/SDKs/iPhoneSimulator26.1.sdk/usr/include -internal-externc-isystem /Applications/Xcode.app/Contents/Developer/Toolchains/XcodeDefault.xctoolchain/usr/include -internal-iframework /Applications/Xcode.app/Contents/Developer/Platforms/iPhoneSimulator.platform/Developer/SDKs/iPhoneSimulator26.1.sdk/System/Library/Frameworks -internal-iframework /Applications/Xcode.app/Contents/Developer/Platforms/iPhoneSimulator.platform/Developer/SDKs/iPhoneSimulator26.1.sdk/System/Library/SubFrameworks -internal-iframework /Applications/Xcode.app/Contents/Developer/Platforms/iPhoneSimulator.platform/Developer/SDKs/iPhoneSimulator26.1.sdk/Library/Frameworks -ivfsstatcache /Users/shileipeng/Library/Developer/Xcode/DerivedData/SDKStatCaches.noindex/iphonesimulator26.1-23B77-3885c01c3e6b6a337905948deab2002e90cf18a4295e390e64c810bc6bd7acbc.sdkstatcache -std\=gnu11 -fexceptions -fskip-odr-check-in-gmf -fmodules -fno-implicit-modules -fobjc-exceptions -fmax-type-align\=16 -fpascal-strings -fvisibility-inlines-hidden-static-local-var -mdarwin-stkchk-strong-link -fno-odr-hash-protocols -pic-level 2 -fencode-extended-block-signature -stack-protector 1 -fobjc-runtime\=ios-18.6.0 -fobjc-arc -fobjc-runtime-has-weak -fobjc-weak -fgnuc-version\=4.2.1 -fblocks -ffp-contract\=on -fclang-abi-compat\=4.0 -fno-experimental-relative-c++-abi-vtables -fno-file-reproducible -clang-vendor-feature\=+disableNonDependentMemberExprInCurrentInstantiation -clang-vendor-feature\=+enableAggressiveVLAFolding -clang-vendor-feature\=+revert09abecef7bbf -clang-vendor-feature\=+thisNoAlignAttr -clang-vendor-feature\=+thisNoNullAttr -clang-vendor-feature\=+disableAtImportPrivateFrameworkInImplementationError -O0 -fno-assume-unique-vtables -fdebug-compilation-dir\=/Users/shileipeng/Documents/mygithub/llama_mobile/examples/iOSFrameworkExample -fcoverage-compilation-dir\=/Users/shileipeng/Documents/mygithub/llama_mobile/examples/iOSFrameworkExample -fobjc-msgsend-selector-stubs -fregister-global-dtors-with-atexit -fno-strict-return -dwarf-version\=5 -debugger-tuning\=lldb -disable-llvm-verifier -dwarf-ext-refs -funwind-tables\=1 -clear-ast-before-backend -discard-value-names -main-file-name ViewController.m -mframe-pointer\=non-leaf -debug-info-kind\=standalone -fdiagnostics-hotness-threshold\=0 -fdiagnostics-misexpect-tolerance\=0 -D DEBUG\=1 -D OBJC_OLD_DISPATCH_PROTOTYPES\=0 -D __GCC_HAVE_DWARF2_CFI_ASM\=1 -fdefine-target-os-macros -MT dependencies -dependency-file /Users/shileipeng/Library/Developer/Xcode/DerivedData/iOSFrameworkExample-bbpipjwfivjrnphafetrjrzfzwrh/Build/Intermediates.noindex/iOSFrameworkExample.build/Debug-iphonesimulator/iOSFrameworkExample.build/Objects-normal/arm64/ViewController.d -skip-unused-modulemap-deps

** BUILD FAILED **


The following build commands failed:
	CompileC /Users/shileipeng/Library/Developer/Xcode/DerivedData/iOSFrameworkExample-bbpipjwfivjrnphafetrjrzfzwrh/Build/Intermediates.noindex/iOSFrameworkExample.build/Debug-iphonesimulator/iOSFrameworkExample.build/Objects-normal/arm64/ViewController.o /Users/shileipeng/Documents/mygithub/llama_mobile/examples/iOSFrameworkExample/iOSFrameworkExample/ViewController.m normal arm64 objective-c com.apple.compilers.llvm.clang.1_0.compiler (in target 'iOSFrameworkExample' from project 'iOSFrameworkExample')
	Building project iOSFrameworkExample with scheme iOSFrameworkExample
(2 failures)
